2017-10-17 00:02:20 WARNING (MainThread) [homeassistant.setup] Setup of recorder is taking over 10 seconds.
2017-10-17 00:02:50 WARNING (MainThread) [homeassistant.setup] Setup of sensor is taking over 10 seconds.
2017-10-17 00:02:53 WARNING (MainThread) [homeassistant.setup] Setup of cover is taking over 10 seconds.
2017-10-17 00:03:05 WARNING (MainThread) [homeassistant.setup] Setup of tts is taking over 10 seconds.
2017-10-17 00:04:03 WARNING (MainThread) [homeassistant.setup] Setup of wink is taking over 10 seconds.
2017-10-17 00:04:38 WARNING (MainThread) [homeassistant.setup] Setup of climate is taking over 10 seconds.
2017-10-17 00:04:40 WARNING (MainThread) [homeassistant.setup] Setup of light is taking over 10 seconds.
2017-10-17 00:04:40 WARNING (MainThread) [homeassistant.setup] Setup of lock is taking over 10 seconds.
2017-10-17 00:04:40 WARNING (MainThread) [homeassistant.setup] Setup of fan is taking over 10 seconds.
2017-10-17 00:04:41 WARNING (MainThread) [homeassistant.components.binary_sensor] Setup of platform wink is taking over 10 seconds.
2017-10-17 00:04:41 WARNING (MainThread) [homeassistant.setup] Setup of camera is taking over 10 seconds.
2017-10-17 00:04:42 WARNING (MainThread) [homeassistant.components.scene] Setup of platform wink is taking over 10 seconds.
2017-10-17 00:04:42 WARNING (MainThread) [homeassistant.components.binary_sensor] Setup of platform nest is taking over 10 seconds.
2017-10-17 00:04:45 WARNING (MainThread) [homeassistant.components.switch] Setup of platform wink is taking over 10 seconds.
2017-10-17 00:04:47 WARNING (MainThread) [homeassistant.components.alarm_control_panel] Setup of platform wink is taking over 10 seconds.
2017-10-17 00:05:59 ERROR (MainThread) [homeassistant.core] Timer got out of sync. Resetting
2017-10-17 00:06:03 ERROR (MainThread) [homeassistant.core] Timer got out of sync. Resetting
2017-10-17 00:06:07 ERROR (MainThread) [homeassistant.core] Timer got out of sync. Resetting
2017-10-17 00:06:14 WARNING (SyncWorker_4) [netdisco.ssdp] Error fetching description at https://192.168.1.17:8888
2017-10-17 07:30:04 ERROR (MainThread) [homeassistant.core] Error doing job: Fatal error on transport TCPTransport (error status in uv_stream_t.read callback)
OSError: [Errno 113] Host is unreachable
2017-10-17 09:45:29 WARNING (MainThread) [homeassistant.helpers.entity] Update of climate.kitchen is taking over 10 seconds
2017-10-17 09:45:29 WARNING (MainThread) [homeassistant.helpers.entity] Update of binary_sensor.hallway_nest_protect_online is taking over 10 seconds
2017-10-17 09:45:29 WARNING (MainThread) [homeassistant.helpers.entity] Update of sensor.kitchen_thermostat_humidity is taking over 10 seconds
2017-10-17 13:10:45 WARNING (MainThread) [homeassistant.helpers.entity] Update of cover.garage_door_opener is taking over 10 seconds
2017-10-17 13:10:51 WARNING (MainThread) [homeassistant.components.cover] Updating myq cover took longer than the scheduled update interval 0:00:15
